1578399753515	mozrunner::runner	INFO	Running command: "/usr/bin/firefox" "-marionette" "-foreground" "-no-remote" "-profile" "/tmp/rust_mozprofileoo2jXJ"
1578399754513	addons.webextension.screenshots@mozilla.org	WARN	Loading extension 'screenshots@mozilla.org': Reading manifest: Invalid host permission: resource://pdf.js/
1578399754513	addons.webextension.screenshots@mozilla.org	WARN	Loading extension 'screenshots@mozilla.org': Reading manifest: Invalid host permission: about:reader*

(firefox:6996): Gtk-WARNING **: Theme parsing error: <data>:1:34: Expected ')' in color definition

(firefox:6996): Gtk-WARNING **: Theme parsing error: <data>:1:77: Expected ')' in color definition
1578399759132	Marionette	INFO	Listening on port 44723
1578399759254	Marionette	WARN	TLS certificate errors will be ignored for this session
[Parent 6996, Gecko_IOThread] WARNING: pipe error (80): Connection reset by peer: file /build/firefox-LU5y1Q/firefox-65.0+linuxmint1+sylvia/ipc/chromium/src/chrome/common/ipc_channel_posix.cc, line 349
1578399810573	Marionette	INFO	Stopped listening on port 44723
1578399825392	mozrunner::runner	INFO	Running command: "/usr/bin/firefox" "-marionette" "-foreground" "-no-remote" "-profile" "/tmp/rust_mozprofileW7qLuK"
1578399826020	addons.webextension.screenshots@mozilla.org	WARN	Loading extension 'screenshots@mozilla.org': Reading manifest: Invalid host permission: resource://pdf.js/
1578399826020	addons.webextension.screenshots@mozilla.org	WARN	Loading extension 'screenshots@mozilla.org': Reading manifest: Invalid host permission: about:reader*

(firefox:7248): Gtk-WARNING **: Theme parsing error: <data>:1:34: Expected ')' in color definition

(firefox:7248): Gtk-WARNING **: Theme parsing error: <data>:1:77: Expected ')' in color definition
1578399830193	Marionette	INFO	Listening on port 34065
1578399830216	Marionette	WARN	TLS certificate errors will be ignored for this session
[Parent 7248, Gecko_IOThread] WARNING: pipe error (69): Connection reset by peer: file /build/firefox-LU5y1Q/firefox-65.0+linuxmint1+sylvia/ipc/chromium/src/chrome/common/ipc_channel_posix.cc, line 349
1578399886510	Marionette	INFO	Stopped listening on port 34065
1578399937182	mozrunner::runner	INFO	Running command: "/usr/bin/firefox" "-marionette" "-foreground" "-no-remote" "-profile" "/tmp/rust_mozprofile5ZABrL"
1578399937810	addons.webextension.screenshots@mozilla.org	WARN	Loading extension 'screenshots@mozilla.org': Reading manifest: Invalid host permission: resource://pdf.js/
1578399937811	addons.webextension.screenshots@mozilla.org	WARN	Loading extension 'screenshots@mozilla.org': Reading manifest: Invalid host permission: about:reader*

(firefox:7527): Gtk-WARNING **: Theme parsing error: <data>:1:34: Expected ')' in color definition

(firefox:7527): Gtk-WARNING **: Theme parsing error: <data>:1:77: Expected ')' in color definition
1578399941667	Marionette	INFO	Listening on port 40291
1578399941825	Marionette	WARN	TLS certificate errors will be ignored for this session
[Parent 7527, Gecko_IOThread] WARNING: pipe error (108): Connection reset by peer: file /build/firefox-LU5y1Q/firefox-65.0+linuxmint1+sylvia/ipc/chromium/src/chrome/common/ipc_channel_posix.cc, line 349
[Parent 7527, Gecko_IOThread] WARNING: pipe error (69): Connection reset by peer: file /build/firefox-LU5y1Q/firefox-65.0+linuxmint1+sylvia/ipc/chromium/src/chrome/common/ipc_channel_posix.cc, line 349
1578400017934	Marionette	INFO	Stopped listening on port 40291
1578400076326	mozrunner::runner	INFO	Running command: "/usr/bin/firefox" "-marionette" "-foreground" "-no-remote" "-profile" "/tmp/rust_mozprofileujs39g"
1578400076964	addons.webextension.screenshots@mozilla.org	WARN	Loading extension 'screenshots@mozilla.org': Reading manifest: Invalid host permission: resource://pdf.js/
1578400076965	addons.webextension.screenshots@mozilla.org	WARN	Loading extension 'screenshots@mozilla.org': Reading manifest: Invalid host permission: about:reader*

(firefox:7811): Gtk-WARNING **: Theme parsing error: <data>:1:34: Expected ')' in color definition

(firefox:7811): Gtk-WARNING **: Theme parsing error: <data>:1:77: Expected ')' in color definition
1578400081566	Marionette	INFO	Listening on port 43919
1578400081652	Marionette	WARN	TLS certificate errors will be ignored for this session
[Parent 7811, Gecko_IOThread] WARNING: pipe error (63): Connection reset by peer: file /build/firefox-LU5y1Q/firefox-65.0+linuxmint1+sylvia/ipc/chromium/src/chrome/common/ipc_channel_posix.cc, line 349
[Parent 7811, Gecko_IOThread] WARNING: pipe error (69): Connection reset by peer: file /build/firefox-LU5y1Q/firefox-65.0+linuxmint1+sylvia/ipc/chromium/src/chrome/common/ipc_channel_posix.cc, line 349
1578400262789	Marionette	INFO	Stopped listening on port 43919
1578400290462	mozrunner::runner	INFO	Running command: "/usr/bin/firefox" "-marionette" "-foreground" "-no-remote" "-profile" "/tmp/rust_mozprofile3jV6VZ"
1578400291100	addons.webextension.screenshots@mozilla.org	WARN	Loading extension 'screenshots@mozilla.org': Reading manifest: Invalid host permission: resource://pdf.js/
1578400291100	addons.webextension.screenshots@mozilla.org	WARN	Loading extension 'screenshots@mozilla.org': Reading manifest: Invalid host permission: about:reader*

(firefox:8422): Gtk-WARNING **: Theme parsing error: <data>:1:34: Expected ')' in color definition

(firefox:8422): Gtk-WARNING **: Theme parsing error: <data>:1:77: Expected ')' in color definition
1578400294631	Marionette	INFO	Listening on port 44575
1578400294747	Marionette	WARN	TLS certificate errors will be ignored for this session
[Parent 8422, Gecko_IOThread] WARNING: pipe error (69): Connection reset by peer: file /build/firefox-LU5y1Q/firefox-65.0+linuxmint1+sylvia/ipc/chromium/src/chrome/common/ipc_channel_posix.cc, line 349
[Parent 8422, Gecko_IOThread] WARNING: pipe error (82): Connection reset by peer: file /build/firefox-LU5y1Q/firefox-65.0+linuxmint1+sylvia/ipc/chromium/src/chrome/common/ipc_channel_posix.cc, line 349
1578400303244	Marionette	INFO	Stopped listening on port 44575
1578400334695	mozrunner::runner	INFO	Running command: "/usr/bin/firefox" "-marionette" "-foreground" "-no-remote" "-profile" "/tmp/rust_mozprofileszwNyt"
1578400335329	addons.webextension.screenshots@mozilla.org	WARN	Loading extension 'screenshots@mozilla.org': Reading manifest: Invalid host permission: resource://pdf.js/
1578400335329	addons.webextension.screenshots@mozilla.org	WARN	Loading extension 'screenshots@mozilla.org': Reading manifest: Invalid host permission: about:reader*

(firefox:8679): Gtk-WARNING **: Theme parsing error: <data>:1:34: Expected ')' in color definition

(firefox:8679): Gtk-WARNING **: Theme parsing error: <data>:1:77: Expected ')' in color definition
1578400339076	Marionette	INFO	Listening on port 37063
1578400339137	Marionette	WARN	TLS certificate errors will be ignored for this session
[Child 8786, Chrome_ChildThread] WARNING: pipe error (32): Connection reset by peer: file /build/firefox-LU5y1Q/firefox-65.0+linuxmint1+sylvia/ipc/chromium/src/chrome/common/ipc_channel_posix.cc, line 349
Exiting due to channel error.
[Child 8786, Chrome_ChildThread] WARNING: pipe error (3): Connection reset by peer: file /build/firefox-LU5y1Q/firefox-65.0+linuxmint1+sylvia/ipc/chromium/src/chrome/common/ipc_channel_posix.cc, line 349
Exiting due to channel error.
Exiting due to channel error.
1578400355451	mozrunner::runner	INFO	Running command: "/usr/bin/firefox" "-marionette" "-foreground" "-no-remote" "-profile" "/tmp/rust_mozprofiled36994"
1578400356078	addons.webextension.screenshots@mozilla.org	WARN	Loading extension 'screenshots@mozilla.org': Reading manifest: Invalid host permission: resource://pdf.js/
1578400356078	addons.webextension.screenshots@mozilla.org	WARN	Loading extension 'screenshots@mozilla.org': Reading manifest: Invalid host permission: about:reader*

(firefox:8903): Gtk-WARNING **: Theme parsing error: <data>:1:34: Expected ')' in color definition

(firefox:8903): Gtk-WARNING **: Theme parsing error: <data>:1:77: Expected ')' in color definition
1578400359703	Marionette	INFO	Listening on port 46793
1578400359844	Marionette	WARN	TLS certificate errors will be ignored for this session
[Parent 8903, Gecko_IOThread] WARNING: pipe error (69): Connection reset by peer: file /build/firefox-LU5y1Q/firefox-65.0+linuxmint1+sylvia/ipc/chromium/src/chrome/common/ipc_channel_posix.cc, line 349
1578400427873	Marionette	INFO	Stopped listening on port 46793
1578400428998	mozrunner::runner	INFO	Running command: "/usr/bin/firefox" "-marionette" "-foreground" "-no-remote" "-profile" "/tmp/rust_mozprofileF7kN2e"
1578400429652	addons.webextension.screenshots@mozilla.org	WARN	Loading extension 'screenshots@mozilla.org': Reading manifest: Invalid host permission: resource://pdf.js/
1578400429653	addons.webextension.screenshots@mozilla.org	WARN	Loading extension 'screenshots@mozilla.org': Reading manifest: Invalid host permission: about:reader*

(firefox:9439): Gtk-WARNING **: Theme parsing error: <data>:1:34: Expected ')' in color definition

(firefox:9439): Gtk-WARNING **: Theme parsing error: <data>:1:77: Expected ')' in color definition
1578400433188	Marionette	INFO	Listening on port 34909
1578400433296	Marionette	WARN	TLS certificate errors will be ignored for this session
[Parent 9439, Gecko_IOThread] WARNING: pipe error (77): Connection reset by peer: file /build/firefox-LU5y1Q/firefox-65.0+linuxmint1+sylvia/ipc/chromium/src/chrome/common/ipc_channel_posix.cc, line 349
[Parent 9439, Gecko_IOThread] WARNING: pipe error (69): Connection reset by peer: file /build/firefox-LU5y1Q/firefox-65.0+linuxmint1+sylvia/ipc/chromium/src/chrome/common/ipc_channel_posix.cc, line 349
1578400440384	Marionette	INFO	Stopped listening on port 34909
1578400456577	mozrunner::runner	INFO	Running command: "/usr/bin/firefox" "-marionette" "-foreground" "-no-remote" "-profile" "/tmp/rust_mozprofile7oQZjK"
1578400457218	addons.webextension.screenshots@mozilla.org	WARN	Loading extension 'screenshots@mozilla.org': Reading manifest: Invalid host permission: resource://pdf.js/
1578400457218	addons.webextension.screenshots@mozilla.org	WARN	Loading extension 'screenshots@mozilla.org': Reading manifest: Invalid host permission: about:reader*

(firefox:9692): Gtk-WARNING **: Theme parsing error: <data>:1:34: Expected ')' in color definition

(firefox:9692): Gtk-WARNING **: Theme parsing error: <data>:1:77: Expected ')' in color definition
1578400461719	Marionette	INFO	Listening on port 33387
1578400461805	Marionette	WARN	TLS certificate errors will be ignored for this session
[Parent 9692, Gecko_IOThread] WARNING: pipe error (69): Connection reset by peer: file /build/firefox-LU5y1Q/firefox-65.0+linuxmint1+sylvia/ipc/chromium/src/chrome/common/ipc_channel_posix.cc, line 349
[Parent 9692, Gecko_IOThread] WARNING: pipe error (82): Connection reset by peer: file /build/firefox-LU5y1Q/firefox-65.0+linuxmint1+sylvia/ipc/chromium/src/chrome/common/ipc_channel_posix.cc, line 349
1578400499063	Marionette	INFO	Stopped listening on port 33387
1578400503515	mozrunner::runner	INFO	Running command: "/usr/bin/firefox" "-marionette" "-foreground" "-no-remote" "-profile" "/tmp/rust_mozprofilecQVmJ6"
1578400504176	addons.webextension.screenshots@mozilla.org	WARN	Loading extension 'screenshots@mozilla.org': Reading manifest: Invalid host permission: resource://pdf.js/
1578400504177	addons.webextension.screenshots@mozilla.org	WARN	Loading extension 'screenshots@mozilla.org': Reading manifest: Invalid host permission: about:reader*

(firefox:9925): Gtk-WARNING **: Theme parsing error: <data>:1:34: Expected ')' in color definition

(firefox:9925): Gtk-WARNING **: Theme parsing error: <data>:1:77: Expected ')' in color definition
1578400507994	Marionette	INFO	Listening on port 36843
1578400508047	Marionette	WARN	TLS certificate errors will be ignored for this session
console.error: BroadcastService: 
  receivedBroadcastMessage: handler for
  remote-settings/monitor_changes
  threw error:
  Message: Error: Polling for changes failed: NetworkError when attempting to fetch resource..
  Stack:
    remoteSettingsFunction/remoteSettings.pollChanges@resource://services-settings/remote-settings.js:188:13

1578400792269	Marionette	INFO	Stopped listening on port 36843
1578401114659	mozrunner::runner	INFO	Running command: "/usr/bin/firefox" "-marionette" "-foreground" "-no-remote" "-profile" "/tmp/rust_mozprofilexBcxax"
1578401115307	addons.webextension.screenshots@mozilla.org	WARN	Loading extension 'screenshots@mozilla.org': Reading manifest: Invalid host permission: resource://pdf.js/
1578401115308	addons.webextension.screenshots@mozilla.org	WARN	Loading extension 'screenshots@mozilla.org': Reading manifest: Invalid host permission: about:reader*

(firefox:10411): Gtk-WARNING **: Theme parsing error: <data>:1:34: Expected ')' in color definition

(firefox:10411): Gtk-WARNING **: Theme parsing error: <data>:1:77: Expected ')' in color definition
1578401118943	Marionette	INFO	Listening on port 38387
1578401119049	Marionette	WARN	TLS certificate errors will be ignored for this session
[Parent 10411, Gecko_IOThread] WARNING: pipe error (77): Connection reset by peer: file /build/firefox-LU5y1Q/firefox-65.0+linuxmint1+sylvia/ipc/chromium/src/chrome/common/ipc_channel_posix.cc, line 349
1578401145652	Marionette	INFO	Stopped listening on port 38387
1578401266173	mozrunner::runner	INFO	Running command: "/usr/bin/firefox" "-marionette" "-foreground" "-no-remote" "-profile" "/tmp/rust_mozprofileDeFQ11"
1578401266802	addons.webextension.screenshots@mozilla.org	WARN	Loading extension 'screenshots@mozilla.org': Reading manifest: Invalid host permission: resource://pdf.js/
1578401266803	addons.webextension.screenshots@mozilla.org	WARN	Loading extension 'screenshots@mozilla.org': Reading manifest: Invalid host permission: about:reader*

(firefox:10676): Gtk-WARNING **: Theme parsing error: <data>:1:34: Expected ')' in color definition

(firefox:10676): Gtk-WARNING **: Theme parsing error: <data>:1:77: Expected ')' in color definition
1578401270625	Marionette	INFO	Listening on port 39189
1578401270743	Marionette	WARN	TLS certificate errors will be ignored for this session
1578401463525	mozrunner::runner	INFO	Running command: "/usr/bin/firefox" "-marionette" "-foreground" "-no-remote" "-profile" "/tmp/rust_mozprofileqqdgl3"
1578401464145	addons.webextension.screenshots@mozilla.org	WARN	Loading extension 'screenshots@mozilla.org': Reading manifest: Invalid host permission: resource://pdf.js/
1578401464145	addons.webextension.screenshots@mozilla.org	WARN	Loading extension 'screenshots@mozilla.org': Reading manifest: Invalid host permission: about:reader*

(firefox:10977): Gtk-WARNING **: Theme parsing error: <data>:1:34: Expected ')' in color definition

(firefox:10977): Gtk-WARNING **: Theme parsing error: <data>:1:77: Expected ')' in color definition
1578401467955	Marionette	INFO	Listening on port 40359
1578401468050	Marionette	WARN	TLS certificate errors will be ignored for this session
1578401473698	Marionette	INFO	Stopped listening on port 39189
1578401532583	mozrunner::runner	INFO	Running command: "/usr/bin/firefox" "-marionette" "-foreground" "-no-remote" "-profile" "/tmp/rust_mozprofileEYfXSS"
1578401533213	addons.webextension.screenshots@mozilla.org	WARN	Loading extension 'screenshots@mozilla.org': Reading manifest: Invalid host permission: resource://pdf.js/
1578401533213	addons.webextension.screenshots@mozilla.org	WARN	Loading extension 'screenshots@mozilla.org': Reading manifest: Invalid host permission: about:reader*

(firefox:11242): Gtk-WARNING **: Theme parsing error: <data>:1:34: Expected ')' in color definition

(firefox:11242): Gtk-WARNING **: Theme parsing error: <data>:1:77: Expected ')' in color definition
1578401536789	Marionette	INFO	Listening on port 34025
1578401536911	Marionette	WARN	TLS certificate errors will be ignored for this session
[Parent 11242, Gecko_IOThread] WARNING: pipe error (69): Connection reset by peer: file /build/firefox-LU5y1Q/firefox-65.0+linuxmint1+sylvia/ipc/chromium/src/chrome/common/ipc_channel_posix.cc, line 349
[Parent 11242, Gecko_IOThread] WARNING: pipe error (77): Connection reset by peer: file /build/firefox-LU5y1Q/firefox-65.0+linuxmint1+sylvia/ipc/chromium/src/chrome/common/ipc_channel_posix.cc, line 349
1578401558529	Marionette	INFO	Stopped listening on port 34025
1578401588776	Marionette	INFO	Stopped listening on port 40359
1578406796186	mozrunner::runner	INFO	Running command: "/usr/bin/firefox" "-marionette" "-foreground" "-no-remote" "-profile" "/tmp/rust_mozprofileivKUdS"
1578406796797	addons.webextension.screenshots@mozilla.org	WARN	Loading extension 'screenshots@mozilla.org': Reading manifest: Invalid host permission: resource://pdf.js/
1578406796798	addons.webextension.screenshots@mozilla.org	WARN	Loading extension 'screenshots@mozilla.org': Reading manifest: Invalid host permission: about:reader*

(firefox:14373): Gtk-WARNING **: Theme parsing error: <data>:1:34: Expected ')' in color definition

(firefox:14373): Gtk-WARNING **: Theme parsing error: <data>:1:77: Expected ')' in color definition
1578406800275	Marionette	INFO	Listening on port 40597
1578406800390	Marionette	WARN	TLS certificate errors will be ignored for this session
[Parent 14373, Gecko_IOThread] WARNING: pipe error (80): Connection reset by peer: file /build/firefox-LU5y1Q/firefox-65.0+linuxmint1+sylvia/ipc/chromium/src/chrome/common/ipc_channel_posix.cc, line 349
[Parent 14373, Gecko_IOThread] WARNING: pipe error (69): Connection reset by peer: file /build/firefox-LU5y1Q/firefox-65.0+linuxmint1+sylvia/ipc/chromium/src/chrome/common/ipc_channel_posix.cc, line 349
1578406997058	Marionette	INFO	Stopped listening on port 40597
1578407032167	mozrunner::runner	INFO	Running command: "/usr/bin/firefox" "-marionette" "-foreground" "-no-remote" "-profile" "/tmp/rust_mozprofileouI4jA"
1578407032866	addons.webextension.screenshots@mozilla.org	WARN	Loading extension 'screenshots@mozilla.org': Reading manifest: Invalid host permission: resource://pdf.js/
1578407032866	addons.webextension.screenshots@mozilla.org	WARN	Loading extension 'screenshots@mozilla.org': Reading manifest: Invalid host permission: about:reader*

(firefox:14770): Gtk-WARNING **: Theme parsing error: <data>:1:34: Expected ')' in color definition

(firefox:14770): Gtk-WARNING **: Theme parsing error: <data>:1:77: Expected ')' in color definition
1578407036491	Marionette	INFO	Listening on port 33955
1578407036608	Marionette	WARN	TLS certificate errors will be ignored for this session
1578407085969	Marionette	INFO	Stopped listening on port 33955
1578933179768	mozrunner::runner	INFO	Running command: "/usr/bin/firefox" "-marionette" "-foreground" "-no-remote" "-profile" "/tmp/rust_mozprofileDb5RSB"
1578933180742	addons.webextension.screenshots@mozilla.org	WARN	Loading extension 'screenshots@mozilla.org': Reading manifest: Invalid host permission: resource://pdf.js/
1578933180743	addons.webextension.screenshots@mozilla.org	WARN	Loading extension 'screenshots@mozilla.org': Reading manifest: Invalid host permission: about:reader*

(firefox:6527): Gtk-WARNING **: Theme parsing error: <data>:1:34: Expected ')' in color definition

(firefox:6527): Gtk-WARNING **: Theme parsing error: <data>:1:77: Expected ')' in color definition
1578933185559	Marionette	INFO	Listening on port 46747
1578933185614	Marionette	WARN	TLS certificate errors will be ignored for this session
[Parent 6527, Gecko_IOThread] WARNING: pipe error (69): Connection reset by peer: file /build/firefox-LU5y1Q/firefox-65.0+linuxmint1+sylvia/ipc/chromium/src/chrome/common/ipc_channel_posix.cc, line 349
[Parent 6527, Gecko_IOThread] WARNING: pipe error (80): Connection reset by peer: file /build/firefox-LU5y1Q/firefox-65.0+linuxmint1+sylvia/ipc/chromium/src/chrome/common/ipc_channel_posix.cc, line 349
1578933208673	Marionette	INFO	Stopped listening on port 46747
1579122850918	mozrunner::runner	INFO	Running command: "/usr/bin/firefox" "-marionette" "-foreground" "-no-remote" "-profile" "/tmp/rust_mozprofileOt1cBg"
1579122851518	addons.webextension.screenshots@mozilla.org	WARN	Loading extension 'screenshots@mozilla.org': Reading manifest: Invalid host permission: resource://pdf.js/
1579122851519	addons.webextension.screenshots@mozilla.org	WARN	Loading extension 'screenshots@mozilla.org': Reading manifest: Invalid host permission: about:reader*

(firefox:2874): Gtk-WARNING **: Theme parsing error: <data>:1:34: Expected ')' in color definition

(firefox:2874): Gtk-WARNING **: Theme parsing error: <data>:1:77: Expected ')' in color definition
1579122855134	Marionette	INFO	Listening on port 34555
1579122855157	Marionette	WARN	TLS certificate errors will be ignored for this session
console.error: BroadcastService: 
  receivedBroadcastMessage: handler for
  remote-settings/monitor_changes
  threw error:
  Message: Error: Polling for changes failed: NetworkError when attempting to fetch resource..
  Stack:
    remoteSettingsFunction/remoteSettings.pollChanges@resource://services-settings/remote-settings.js:188:13

1579122895776	mozrunner::runner	INFO	Running command: "/usr/bin/firefox" "-marionette" "-foreground" "-no-remote" "-profile" "/tmp/rust_mozprofile3iD5AX"
1579122896410	addons.webextension.screenshots@mozilla.org	WARN	Loading extension 'screenshots@mozilla.org': Reading manifest: Invalid host permission: resource://pdf.js/
1579122896410	addons.webextension.screenshots@mozilla.org	WARN	Loading extension 'screenshots@mozilla.org': Reading manifest: Invalid host permission: about:reader*

(firefox:3097): Gtk-WARNING **: Theme parsing error: <data>:1:34: Expected ')' in color definition

(firefox:3097): Gtk-WARNING **: Theme parsing error: <data>:1:77: Expected ')' in color definition
[Parent 2874, Gecko_IOThread] WARNING: pipe error (70): Connection reset by peer: file /build/firefox-LU5y1Q/firefox-65.0+linuxmint1+sylvia/ipc/chromium/src/chrome/common/ipc_channel_posix.cc, line 349
[Parent 2874, Gecko_IOThread] WARNING: pipe error (69): Connection reset by peer: file /build/firefox-LU5y1Q/firefox-65.0+linuxmint1+sylvia/ipc/chromium/src/chrome/common/ipc_channel_posix.cc, line 349
1579122898438	Marionette	INFO	Stopped listening on port 34555
1579122900319	Marionette	INFO	Listening on port 46149
1579122900449	Marionette	WARN	TLS certificate errors will be ignored for this session
[Parent 3097, Gecko_IOThread] WARNING: pipe error (70): Connection reset by peer: file /build/firefox-LU5y1Q/firefox-65.0+linuxmint1+sylvia/ipc/chromium/src/chrome/common/ipc_channel_posix.cc, line 349
[Parent 3097, Gecko_IOThread] WARNING: pipe error (80): Connection reset by peer: file /build/firefox-LU5y1Q/firefox-65.0+linuxmint1+sylvia/ipc/chromium/src/chrome/common/ipc_channel_posix.cc, line 349
1579122922774	Marionette	INFO	Stopped listening on port 46149
1586176868109	mozrunner::runner	INFO	Running command: "/usr/bin/firefox" "-marionette" "-foreground" "-no-remote" "-profile" "/tmp/rust_mozprofileDfNac4"
1586176869121	addons.webextension.doh-rollout@mozilla.org	WARN	Loading extension 'doh-rollout@mozilla.org': Reading manifest: Invalid extension permission: networkStatus
1586176870547	addons.webextension.screenshots@mozilla.org	WARN	Loading extension 'screenshots@mozilla.org': Reading manifest: Invalid extension permission: mozillaAddons
1586176870547	addons.webextension.screenshots@mozilla.org	WARN	Loading extension 'screenshots@mozilla.org': Reading manifest: Invalid extension permission: telemetry
1586176870548	addons.webextension.screenshots@mozilla.org	WARN	Loading extension 'screenshots@mozilla.org': Reading manifest: Invalid extension permission: resource://pdf.js/
1586176870548	addons.webextension.screenshots@mozilla.org	WARN	Loading extension 'screenshots@mozilla.org': Reading manifest: Invalid extension permission: about:reader*
1586176870814	addons.xpi-utils	WARN	Add-on langpack-en-ZA@firefox.mozilla.org is not compatible with application version.
1586176870815	addons.xpi-utils	WARN	Add-on langpack-en-ZA@firefox.mozilla.org is not compatible with application version.
1586176870816	addons.xpi-utils	WARN	Add-on langpack-en-ZA@firefox.mozilla.org is not compatible with application version.
1586176870830	addons.xpi-utils	WARN	Add-on langpack-en-GB@firefox.mozilla.org is not compatible with application version.
1586176870831	addons.xpi-utils	WARN	Add-on langpack-en-GB@firefox.mozilla.org is not compatible with application version.
1586176870832	addons.xpi-utils	WARN	Add-on langpack-en-GB@firefox.mozilla.org is not compatible with application version.
1586176870845	addons.xpi-utils	WARN	Add-on langpack-en-CA@firefox.mozilla.org is not compatible with application version.
1586176870846	addons.xpi-utils	WARN	Add-on langpack-en-CA@firefox.mozilla.org is not compatible with application version.
1586176870846	addons.xpi-utils	WARN	Add-on langpack-en-CA@firefox.mozilla.org is not compatible with application version.
1586176874567	Marionette	INFO	Listening on port 37329
1586176874660	Marionette	WARN	TLS certificate errors will be ignored for this session
1586176906035	mozrunner::runner	INFO	Running command: "/usr/bin/firefox" "-marionette" "-foreground" "-no-remote" "-profile" "/tmp/rust_mozprofilemaRxHO"
1586176907126	addons.webextension.doh-rollout@mozilla.org	WARN	Loading extension 'doh-rollout@mozilla.org': Reading manifest: Invalid extension permission: networkStatus

(/usr/lib/firefox/firefox:7143): Gtk-WARNING **: Error loading image 'file:///usr/share/themes/Breeze/assets/scrollbar-trough-vertical-backdrop.png': Error opening file: No such file or directory

(/usr/lib/firefox/firefox:7143): Gtk-WARNING **: Error loading image 'file:///usr/share/themes/Breeze/assets/scrollbar-slider-vertical-backdrop.png': Error opening file: No such file or directory
1586176908916	addons.webextension.screenshots@mozilla.org	WARN	Loading extension 'screenshots@mozilla.org': Reading manifest: Invalid extension permission: mozillaAddons
1586176908916	addons.webextension.screenshots@mozilla.org	WARN	Loading extension 'screenshots@mozilla.org': Reading manifest: Invalid extension permission: telemetry
1586176908916	addons.webextension.screenshots@mozilla.org	WARN	Loading extension 'screenshots@mozilla.org': Reading manifest: Invalid extension permission: resource://pdf.js/
1586176908917	addons.webextension.screenshots@mozilla.org	WARN	Loading extension 'screenshots@mozilla.org': Reading manifest: Invalid extension permission: about:reader*
1586176909117	addons.xpi-utils	WARN	Add-on langpack-en-ZA@firefox.mozilla.org is not compatible with application version.
1586176909118	addons.xpi-utils	WARN	Add-on langpack-en-ZA@firefox.mozilla.org is not compatible with application version.
1586176909118	addons.xpi-utils	WARN	Add-on langpack-en-ZA@firefox.mozilla.org is not compatible with application version.
1586176909130	addons.xpi-utils	WARN	Add-on langpack-en-GB@firefox.mozilla.org is not compatible with application version.
1586176909130	addons.xpi-utils	WARN	Add-on langpack-en-GB@firefox.mozilla.org is not compatible with application version.
1586176909131	addons.xpi-utils	WARN	Add-on langpack-en-GB@firefox.mozilla.org is not compatible with application version.
1586176909141	addons.xpi-utils	WARN	Add-on langpack-en-CA@firefox.mozilla.org is not compatible with application version.
1586176909142	addons.xpi-utils	WARN	Add-on langpack-en-CA@firefox.mozilla.org is not compatible with application version.
1586176909142	addons.xpi-utils	WARN	Add-on langpack-en-CA@firefox.mozilla.org is not compatible with application version.
1586176913145	Marionette	INFO	Listening on port 38927
1586176913181	Marionette	WARN	TLS certificate errors will be ignored for this session
1586176921457	Marionette	INFO	Stopped listening on port 37329
JavaScript error: , line 0: AbortError: A request was aborted, for example through a call to IDBTransaction.abort.
1586176974446	Marionette	INFO	Stopped listening on port 38927
1586177789838	mozrunner::runner	INFO	Running command: "/usr/bin/firefox" "-marionette" "-foreground" "-no-remote" "-profile" "/tmp/rust_mozprofileJYd6Sc"
1586177790580	addons.webextension.doh-rollout@mozilla.org	WARN	Loading extension 'doh-rollout@mozilla.org': Reading manifest: Invalid extension permission: networkStatus
1586177791939	addons.webextension.screenshots@mozilla.org	WARN	Loading extension 'screenshots@mozilla.org': Reading manifest: Invalid extension permission: mozillaAddons
1586177791939	addons.webextension.screenshots@mozilla.org	WARN	Loading extension 'screenshots@mozilla.org': Reading manifest: Invalid extension permission: telemetry
1586177791940	addons.webextension.screenshots@mozilla.org	WARN	Loading extension 'screenshots@mozilla.org': Reading manifest: Invalid extension permission: resource://pdf.js/
1586177791940	addons.webextension.screenshots@mozilla.org	WARN	Loading extension 'screenshots@mozilla.org': Reading manifest: Invalid extension permission: about:reader*
1586177792089	addons.xpi-utils	WARN	Add-on langpack-en-ZA@firefox.mozilla.org is not compatible with application version.
1586177792089	addons.xpi-utils	WARN	Add-on langpack-en-ZA@firefox.mozilla.org is not compatible with application version.
1586177792090	addons.xpi-utils	WARN	Add-on langpack-en-ZA@firefox.mozilla.org is not compatible with application version.
1586177792098	addons.xpi-utils	WARN	Add-on langpack-en-GB@firefox.mozilla.org is not compatible with application version.
1586177792098	addons.xpi-utils	WARN	Add-on langpack-en-GB@firefox.mozilla.org is not compatible with application version.
1586177792099	addons.xpi-utils	WARN	Add-on langpack-en-GB@firefox.mozilla.org is not compatible with application version.
1586177792110	addons.xpi-utils	WARN	Add-on langpack-en-CA@firefox.mozilla.org is not compatible with application version.
1586177792110	addons.xpi-utils	WARN	Add-on langpack-en-CA@firefox.mozilla.org is not compatible with application version.
1586177792110	addons.xpi-utils	WARN	Add-on langpack-en-CA@firefox.mozilla.org is not compatible with application version.
1586177794702	Marionette	INFO	Listening on port 33249
1586177794757	Marionette	WARN	TLS certificate errors will be ignored for this session
1586177832014	mozrunner::runner	INFO	Running command: "/usr/bin/firefox" "-marionette" "-foreground" "-no-remote" "-profile" "/tmp/rust_mozprofileW52LqH"
1586177832744	addons.webextension.doh-rollout@mozilla.org	WARN	Loading extension 'doh-rollout@mozilla.org': Reading manifest: Invalid extension permission: networkStatus
1586177834102	addons.webextension.screenshots@mozilla.org	WARN	Loading extension 'screenshots@mozilla.org': Reading manifest: Invalid extension permission: mozillaAddons
1586177834102	addons.webextension.screenshots@mozilla.org	WARN	Loading extension 'screenshots@mozilla.org': Reading manifest: Invalid extension permission: telemetry
1586177834103	addons.webextension.screenshots@mozilla.org	WARN	Loading extension 'screenshots@mozilla.org': Reading manifest: Invalid extension permission: resource://pdf.js/
1586177834103	addons.webextension.screenshots@mozilla.org	WARN	Loading extension 'screenshots@mozilla.org': Reading manifest: Invalid extension permission: about:reader*
1586177834302	addons.xpi-utils	WARN	Add-on langpack-en-ZA@firefox.mozilla.org is not compatible with application version.
1586177834303	addons.xpi-utils	WARN	Add-on langpack-en-ZA@firefox.mozilla.org is not compatible with application version.
1586177834304	addons.xpi-utils	WARN	Add-on langpack-en-ZA@firefox.mozilla.org is not compatible with application version.
1586177834319	addons.xpi-utils	WARN	Add-on langpack-en-GB@firefox.mozilla.org is not compatible with application version.
1586177834319	addons.xpi-utils	WARN	Add-on langpack-en-GB@firefox.mozilla.org is not compatible with application version.
1586177834320	addons.xpi-utils	WARN	Add-on langpack-en-GB@firefox.mozilla.org is not compatible with application version.
1586177834333	addons.xpi-utils	WARN	Add-on langpack-en-CA@firefox.mozilla.org is not compatible with application version.
1586177834333	addons.xpi-utils	WARN	Add-on langpack-en-CA@firefox.mozilla.org is not compatible with application version.
1586177834334	addons.xpi-utils	WARN	Add-on langpack-en-CA@firefox.mozilla.org is not compatible with application version.
JavaScript error: , line 0: UnknownError: The operation failed for reasons unrelated to the database itself and not covered by any other error code.
1586177836619	Marionette	INFO	Stopped listening on port 33249
1586177837832	Marionette	INFO	Listening on port 45753
1586177837935	Marionette	WARN	TLS certificate errors will be ignored for this session
1586178021597	mozrunner::runner	INFO	Running command: "/usr/bin/firefox" "-marionette" "-foreground" "-no-remote" "-profile" "/tmp/rust_mozprofilewip9fa"
1586178022428	addons.webextension.doh-rollout@mozilla.org	WARN	Loading extension 'doh-rollout@mozilla.org': Reading manifest: Invalid extension permission: networkStatus
1586178024380	addons.webextension.screenshots@mozilla.org	WARN	Loading extension 'screenshots@mozilla.org': Reading manifest: Invalid extension permission: mozillaAddons
1586178024380	addons.webextension.screenshots@mozilla.org	WARN	Loading extension 'screenshots@mozilla.org': Reading manifest: Invalid extension permission: telemetry
1586178024380	addons.webextension.screenshots@mozilla.org	WARN	Loading extension 'screenshots@mozilla.org': Reading manifest: Invalid extension permission: resource://pdf.js/
1586178024381	addons.webextension.screenshots@mozilla.org	WARN	Loading extension 'screenshots@mozilla.org': Reading manifest: Invalid extension permission: about:reader*
1586178024536	addons.xpi-utils	WARN	Add-on langpack-en-ZA@firefox.mozilla.org is not compatible with application version.
1586178024537	addons.xpi-utils	WARN	Add-on langpack-en-ZA@firefox.mozilla.org is not compatible with application version.
1586178024537	addons.xpi-utils	WARN	Add-on langpack-en-ZA@firefox.mozilla.org is not compatible with application version.
1586178024546	addons.xpi-utils	WARN	Add-on langpack-en-GB@firefox.mozilla.org is not compatible with application version.
1586178024546	addons.xpi-utils	WARN	Add-on langpack-en-GB@firefox.mozilla.org is not compatible with application version.
1586178024547	addons.xpi-utils	WARN	Add-on langpack-en-GB@firefox.mozilla.org is not compatible with application version.
1586178024557	addons.xpi-utils	WARN	Add-on langpack-en-CA@firefox.mozilla.org is not compatible with application version.
1586178024557	addons.xpi-utils	WARN	Add-on langpack-en-CA@firefox.mozilla.org is not compatible with application version.
1586178024558	addons.xpi-utils	WARN	Add-on langpack-en-CA@firefox.mozilla.org is not compatible with application version.
JavaScript error: , line 0: UnknownError: The operation failed for reasons unrelated to the database itself and not covered by any other error code.
1586178026261	Marionette	INFO	Stopped listening on port 45753
1586178027454	Marionette	INFO	Listening on port 40753
1586178027515	Marionette	WARN	TLS certificate errors will be ignored for this session
1586178068466	mozrunner::runner	INFO	Running command: "/usr/bin/firefox" "-marionette" "-foreground" "-no-remote" "-profile" "/tmp/rust_mozprofileuVtwsm"
1586178069474	addons.webextension.doh-rollout@mozilla.org	WARN	Loading extension 'doh-rollout@mozilla.org': Reading manifest: Invalid extension permission: networkStatus
JavaScript error: , line 0: UnknownError: The operation failed for reasons unrelated to the database itself and not covered by any other error code.
1586178071924	addons.webextension.screenshots@mozilla.org	WARN	Loading extension 'screenshots@mozilla.org': Reading manifest: Invalid extension permission: mozillaAddons
1586178071924	addons.webextension.screenshots@mozilla.org	WARN	Loading extension 'screenshots@mozilla.org': Reading manifest: Invalid extension permission: telemetry
1586178071925	addons.webextension.screenshots@mozilla.org	WARN	Loading extension 'screenshots@mozilla.org': Reading manifest: Invalid extension permission: resource://pdf.js/
1586178071925	addons.webextension.screenshots@mozilla.org	WARN	Loading extension 'screenshots@mozilla.org': Reading manifest: Invalid extension permission: about:reader*
1586178071947	Marionette	INFO	Stopped listening on port 40753
1586178072089	addons.xpi-utils	WARN	Add-on langpack-en-ZA@firefox.mozilla.org is not compatible with application version.
1586178072090	addons.xpi-utils	WARN	Add-on langpack-en-ZA@firefox.mozilla.org is not compatible with application version.
1586178072091	addons.xpi-utils	WARN	Add-on langpack-en-ZA@firefox.mozilla.org is not compatible with application version.
1586178072103	addons.xpi-utils	WARN	Add-on langpack-en-GB@firefox.mozilla.org is not compatible with application version.
1586178072103	addons.xpi-utils	WARN	Add-on langpack-en-GB@firefox.mozilla.org is not compatible with application version.
1586178072104	addons.xpi-utils	WARN	Add-on langpack-en-GB@firefox.mozilla.org is not compatible with application version.
1586178072114	addons.xpi-utils	WARN	Add-on langpack-en-CA@firefox.mozilla.org is not compatible with application version.
1586178072114	addons.xpi-utils	WARN	Add-on langpack-en-CA@firefox.mozilla.org is not compatible with application version.
1586178072114	addons.xpi-utils	WARN	Add-on langpack-en-CA@firefox.mozilla.org is not compatible with application version.
1586178074927	Marionette	INFO	Listening on port 38355
1586178074990	Marionette	WARN	TLS certificate errors will be ignored for this session
1586178086066	Marionette	INFO	Stopped listening on port 38355
1586178266656	mozrunner::runner	INFO	Running command: "/usr/bin/firefox" "-marionette" "-foreground" "-no-remote" "-profile" "/tmp/rust_mozprofileU19AKn"
1586178267420	addons.webextension.doh-rollout@mozilla.org	WARN	Loading extension 'doh-rollout@mozilla.org': Reading manifest: Invalid extension permission: networkStatus
1586178268836	addons.webextension.screenshots@mozilla.org	WARN	Loading extension 'screenshots@mozilla.org': Reading manifest: Invalid extension permission: mozillaAddons
1586178268836	addons.webextension.screenshots@mozilla.org	WARN	Loading extension 'screenshots@mozilla.org': Reading manifest: Invalid extension permission: telemetry
1586178268836	addons.webextension.screenshots@mozilla.org	WARN	Loading extension 'screenshots@mozilla.org': Reading manifest: Invalid extension permission: resource://pdf.js/
1586178268836	addons.webextension.screenshots@mozilla.org	WARN	Loading extension 'screenshots@mozilla.org': Reading manifest: Invalid extension permission: about:reader*
1586178268984	addons.xpi-utils	WARN	Add-on langpack-en-ZA@firefox.mozilla.org is not compatible with application version.
1586178268984	addons.xpi-utils	WARN	Add-on langpack-en-ZA@firefox.mozilla.org is not compatible with application version.
1586178268985	addons.xpi-utils	WARN	Add-on langpack-en-ZA@firefox.mozilla.org is not compatible with application version.
1586178268994	addons.xpi-utils	WARN	Add-on langpack-en-GB@firefox.mozilla.org is not compatible with application version.
1586178268995	addons.xpi-utils	WARN	Add-on langpack-en-GB@firefox.mozilla.org is not compatible with application version.
1586178268995	addons.xpi-utils	WARN	Add-on langpack-en-GB@firefox.mozilla.org is not compatible with application version.
1586178269004	addons.xpi-utils	WARN	Add-on langpack-en-CA@firefox.mozilla.org is not compatible with application version.
1586178269004	addons.xpi-utils	WARN	Add-on langpack-en-CA@firefox.mozilla.org is not compatible with application version.
1586178269005	addons.xpi-utils	WARN	Add-on langpack-en-CA@firefox.mozilla.org is not compatible with application version.
1586178271600	Marionette	INFO	Listening on port 35073
1586178271671	Marionette	WARN	TLS certificate errors will be ignored for this session
1586178320657	mozrunner::runner	INFO	Running command: "/usr/bin/firefox" "-marionette" "-foreground" "-no-remote" "-profile" "/tmp/rust_mozprofile1q3ry3"
1586178321465	addons.webextension.doh-rollout@mozilla.org	WARN	Loading extension 'doh-rollout@mozilla.org': Reading manifest: Invalid extension permission: networkStatus
1586178323590	addons.webextension.screenshots@mozilla.org	WARN	Loading extension 'screenshots@mozilla.org': Reading manifest: Invalid extension permission: mozillaAddons
1586178323590	addons.webextension.screenshots@mozilla.org	WARN	Loading extension 'screenshots@mozilla.org': Reading manifest: Invalid extension permission: telemetry
1586178323590	addons.webextension.screenshots@mozilla.org	WARN	Loading extension 'screenshots@mozilla.org': Reading manifest: Invalid extension permission: resource://pdf.js/
1586178323590	addons.webextension.screenshots@mozilla.org	WARN	Loading extension 'screenshots@mozilla.org': Reading manifest: Invalid extension permission: about:reader*
JavaScript error: , line 0: UnknownError: The operation failed for reasons unrelated to the database itself and not covered by any other error code.
1586178323739	addons.xpi-utils	WARN	Add-on langpack-en-ZA@firefox.mozilla.org is not compatible with application version.
1586178323739	addons.xpi-utils	WARN	Add-on langpack-en-ZA@firefox.mozilla.org is not compatible with application version.
1586178323740	addons.xpi-utils	WARN	Add-on langpack-en-ZA@firefox.mozilla.org is not compatible with application version.
1586178323749	addons.xpi-utils	WARN	Add-on langpack-en-GB@firefox.mozilla.org is not compatible with application version.
1586178323750	addons.xpi-utils	WARN	Add-on langpack-en-GB@firefox.mozilla.org is not compatible with application version.
1586178323750	addons.xpi-utils	WARN	Add-on langpack-en-GB@firefox.mozilla.org is not compatible with application version.
1586178323761	addons.xpi-utils	WARN	Add-on langpack-en-CA@firefox.mozilla.org is not compatible with application version.
1586178323761	addons.xpi-utils	WARN	Add-on langpack-en-CA@firefox.mozilla.org is not compatible with application version.
1586178323762	addons.xpi-utils	WARN	Add-on langpack-en-CA@firefox.mozilla.org is not compatible with application version.
1586178324025	Marionette	INFO	Stopped listening on port 35073
1586178326508	Marionette	INFO	Listening on port 34707
1586178326577	Marionette	WARN	TLS certificate errors will be ignored for this session
JavaScript error: , line 0: UnknownError: The operation failed for reasons unrelated to the database itself and not covered by any other error code.
1586178517247	Marionette	INFO	Stopped listening on port 34707
1599184074800	mozrunner::runner	INFO	Running command: "C:\\Program Files\\Firefox Developer Edition\\firefox.exe" "-marionette" "-foreground" "-no-remote" "-profile" "C:\\Users\\marcelo\\AppData\\Local\\Temp\\rust_mozprofiley31pFs"
Can't find symbol 'eglSwapBuffersWithDamageEXT'.
JavaScript error: resource://gre/modules/XULStore.jsm, line 66: Error: Can't find profile directory.
console.error: SearchCache: "_readCacheFile: Error reading cache file:" (new Error("", "(unknown module)"))
1599184082497	Marionette	INFO	Listening on port 58434
1599184082871	Marionette	WARN	TLS certificate errors will be ignored for this session
1599184273379	Marionette	INFO	Stopped listening on port 58434

###!!! [Child][RunMessage] Error: Channel closing: too late to send/recv, messages will be lost


###!!! [Child][RunMessage] Error: Channel closing: too late to send/recv, messages will be lost

WithDamageEXT'.
JavaScript error: resource://gre/modules/XULStore.jsm, line 66: Error: Can't find profile directory.
console.error: SearchCache: "_readCacheFile: Error reading cache file:" (new Error("", "(unknown module)"))
1599184165368	Marionette	INFO	Listening on port 58479
1599184165571	Marionette	WARN	TLS certificate errors will be ignored for this session
1599184274526	Marionette	INFO	Stopped listening on port 58479

###!!! [Child][RunMessage] Error: Channel closing: too late to send/recv, messages will be lost


###!!! [Child][MessageChannel::SendAndWait] Error: Channel error: cannot send/recv

glSwapBuffersWithDamageEXT'.
JavaScript error: resource://gre/modules/XULStore.jsm, line 66: Error: Can't find profile directory.
console.error: SearchCache: "_readCacheFile: Error reading cache file:" (new Error("", "(unknown module)"))
1599184276065	Marionette	INFO	Listening on port 58540
1599184276285	Marionette	WARN	TLS certificate errors will be ignored for this session
1599184331656	Marionette	INFO	Stopped listening on port 58540

###!!! [Child][RunMessage] Error: Channel closing: too late to send/recv, messages will be lost


###!!! [Child][MessageChannel::SendAndWait] Error: Channel error: cannot send/recv

1599184915772	mozrunner::runner	INFO	Running command: "C:\\Program Files\\Firefox Developer Edition\\firefox.exe" "-marionette" "-foreground" "-no-remote" "-profile" "C:\\Users\\marcelo\\AppData\\Local\\Temp\\rust_mozprofileehIbI5"
Can't find symbol 'eglSwapBuffersWithDamageEXT'.
JavaScript error: resource://gre/modules/XULStore.jsm, line 66: Error: Can't find profile directory.
console.error: SearchCache: "_readCacheFile: Error reading cache file:" (new Error("", "(unknown module)"))
1599184929404	Marionette	INFO	Listening on port 58634
1599184929849	Marionette	WARN	TLS certificate errors will be ignored for this session
1599184944873	Marionette	INFO	Stopped listening on port 58634

###!!! [Child][RunMessage] Error: Channel closing: too late to send/recv, messages will be lost


###!!! [Child][RunMessage] Error: Channel closing: too late to send/recv, messages will be lost


###!!! [Child][MessageChannel::SendAndWait] Error: Channel error: cannot send/recv

1599184948951	mozrunner::runner	INFO	Running command: "C:\\Program Files\\Firefox Developer Edition\\firefox.exe" "-marionette" "-foreground" "-no-remote" "-profile" "C:\\Users\\marcelo\\AppData\\Local\\Temp\\rust_mozprofileg7ZaqF"
Can't find symbol 'eglSwapBuffersWithDamageEXT'.
JavaScript error: resource://gre/modules/XULStore.jsm, line 66: Error: Can't find profile directory.
console.error: SearchCache: "_readCacheFile: Error reading cache file:" (new Error("", "(unknown module)"))
1599184959500	Marionette	INFO	Listening on port 58679
1599184960017	Marionette	WARN	TLS certificate errors will be ignored for this session
console.error: Region.jsm: "Error fetching region" (new AbortError("The operation was aborted. ", (void 0), 697))
console.error: Region.jsm: "Failed to fetch region" (new Error("NO_RESULT", "resource://gre/modules/Region.jsm", 351))

###!!! [Child][RunMessage] Error: Channel closing: too late to send/recv, messages will be lost

1599185066786	Marionette	INFO	Stopped listening on port 58679

###!!! [Child][RunMessage] Error: Channel closing: too late to send/recv, messages will be lost


###!!! [Child][MessageChannel::SendAndWait] Error: Channel error: cannot send/recv

Can't find profile directory.
console.error: SearchCache: "_readCacheFile: Error reading cache file:" (new Error("", "(unknown module)"))
1599185054611	Marionette	INFO	Listening on port 58729
1599185054894	Marionette	WARN	TLS certificate errors will be ignored for this session
1599185446020	Marionette	INFO	Stopped listening on port 58729

###!!! [Child][RunMessage] Error: Channel closing: too late to send/recv, messages will be lost


###!!! [Child][MessageChannel::SendAndWait] Error: Channel error: cannot send/recv

1599201892232	mozrunner::runner	INFO	Running command: "C:\\Program Files\\Firefox Developer Edition\\firefox.exe" "-marionette" "-foreground" "-no-remote" "-profile" "C:\\Users\\marcelo\\AppData\\Local\\Temp\\rust_mozprofileQtzn7P"
1599201934198	mozrunner::runner	INFO	Running command: "C:\\Program Files\\Firefox Developer Edition\\firefox.exe" "-marionette" "-foreground" "-no-remote" "-profile" "C:\\Users\\marcelo\\AppData\\Local\\Temp\\rust_mozprofileJ5i1iA"
Can't find symbol 'eglSwapBuffersWithDamageEXT'.
JavaScript error: resource://gre/modules/XULStore.jsm, line 66: Error: Can't find profile directory.
console.error: SearchCache: "_readCacheFile: Error reading cache file:" (new Error("", "(unknown module)"))
1599201941897	Marionette	INFO	Listening on port 61723
1599201942152	Marionette	WARN	TLS certificate errors will be ignored for this session
[Parent 7832, Gecko_IOThread] WARNING: file /builds/worker/checkouts/gecko/ipc/chromium/src/base/process_util_win.cc, line 166
1599201987557	Marionette	INFO	Stopped listening on port 61723

###!!! [Child][RunMessage] Error: Channel closing: too late to send/recv, messages will be lost


###!!! [Child][MessageChannel::SendAndWait] Error: Channel error: cannot send/recv

1599202054127	mozrunner::runner	INFO	Running command: "C:\\Program Files\\Firefox Developer Edition\\firefox.exe" "-marionette" "-foreground" "-no-remote" "-profile" "C:\\Users\\marcelo\\AppData\\Local\\Temp\\rust_mozprofileoC0iX1"
Can't find symbol 'eglSwapBuffersWithDamageEXT'.
JavaScript error: resource://gre/modules/XULStore.jsm, line 66: Error: Can't find profile directory.
console.error: SearchCache: "_readCacheFile: Error reading cache file:" (new Error("", "(unknown module)"))
1599202060436	Marionette	INFO	Listening on port 61776
1599202060535	Marionette	WARN	TLS certificate errors will be ignored for this session
1599202213599	Marionette	INFO	Stopped listening on port 61776

###!!! [Child][RunMessage] Error: Channel closing: too late to send/recv, messages will be lost


###!!! [Child][MessageChannel::SendAndWait] Error: Channel error: cannot send/recv

1599292266056	mozrunner::runner	INFO	Running command: "C:\\Program Files\\Firefox Developer Edition\\firefox.exe" "-marionette" "-foreground" "-no-remote" "-profile" "C:\\Users\\marcelo\\AppData\\Local\\Temp\\rust_mozprofilejoE6ll"
Can't find symbol 'eglSwapBuffersWithDamageEXT'.
JavaScript error: resource://gre/modules/XULStore.jsm, line 66: Error: Can't find profile directory.
console.error: SearchCache: "_readCacheFile: Error reading cache file:" (new Error("", "(unknown module)"))
1599292289950	Marionette	INFO	Listening on port 49760
1599292290591	Marionette	WARN	TLS certificate errors will be ignored for this session
1599292735978	Marionette	INFO	Stopped listening on port 49760

###!!! [Child][RunMessage] Error: Channel closing: too late to send/recv, messages will be lost


###!!! [Child][MessageChannel::SendAndWait] Error: Channel error: cannot send/recv

1599380785733	mozrunner::runner	INFO	Running command: "C:\\Program Files\\Firefox Developer Edition\\firefox.exe" "-marionette" "-foreground" "-no-remote" "-profile" "C:\\Users\\marcelo\\AppData\\Local\\Temp\\rust_mozprofilebdORtv"
Can't find symbol 'eglSwapBuffersWithDamageEXT'.
JavaScript error: resource://gre/modules/XULStore.jsm, line 66: Error: Can't find profile directory.
console.error: SearchCache: "_readCacheFile: Error reading cache file:" (new Error("", "(unknown module)"))
1599380800801	Marionette	INFO	Listening on port 49757
1599380800912	Marionette	WARN	TLS certificate errors will be ignored for this session
1599380840751	Marionette	INFO	Stopped listening on port 49757

###!!! [Child][RunMessage] Error: Channel closing: too late to send/recv, messages will be lost


###!!! [Child][MessageChannel::SendAndWait] Error: Channel error: cannot send/recv

1599465053826	mozrunner::runner	INFO	Running command: "C:\\Program Files\\Firefox Developer Edition\\firefox.exe" "-marionette" "-foreground" "-no-remote" "-profile" "C:\\Users\\marcelo\\AppData\\Local\\Temp\\rust_mozprofilemx90Lp"
JavaScript error: resource://gre/modules/XULStore.jsm, line 66: Error: Can't find profile directory.
console.error: SearchCache: "_readCacheFile: Error reading cache file:" (new Error("", "(unknown module)"))
1599465059530	Marionette	INFO	Listening on port 50005
1599465059711	Marionette	WARN	TLS certificate errors will be ignored for this session
1599465100031	Marionette	INFO	Stopped listening on port 50005

###!!! [Child][RunMessage] Error: Channel closing: too late to send/recv, messages will be lost


###!!! [Child][MessageChannel::SendAndWait] Error: Channel error: cannot send/recv

